[debug] [2025-07-16T08:11:55.534Z] ----------------------------------------------------------------------
[debug] [2025-07-16T08:11:55.536Z] Command:       C:\Program Files\nodejs\node.exe C:\Users\OEM\AppData\Roaming\npm\node_modules\firebase-tools\lib\bin\firebase.js init
[debug] [2025-07-16T08:11:55.536Z] CLI Version:   14.10.1
[debug] [2025-07-16T08:11:55.536Z] Platform:      win32
[debug] [2025-07-16T08:11:55.536Z] Node Version:  v22.1.0
[debug] [2025-07-16T08:11:55.536Z] Time:          Wed Jul 16 2025 20:11:55 GMT+1200 (New Zealand Standard Time)
[debug] [2025-07-16T08:11:55.536Z] ----------------------------------------------------------------------
[debug] 
[debug] [2025-07-16T08:11:55.542Z] > command requires scopes: ["email","openid","https://www.googleapis.com/auth/cloudplatformprojects.readonly","https://www.googleapis.com/auth/firebase","https://www.googleapis.com/auth/cloud-platform"]
[debug] [2025-07-16T08:11:55.542Z] > authorizing via signed-in user (kpaterson@timelessrecords.nz)
[info] 
     ######## #### ########  ######## ########     ###     ######  ########
     ##        ##  ##     ## ##       ##     ##  ##   ##  ##       ##
     ######    ##  ########  ######   ########  #########  ######  ######
     ##        ##  ##    ##  ##       ##     ## ##     ##       ## ##
     ##       #### ##     ## ######## ########  ##     ##  ######  ########

You're about to initialize a Firebase project in this directory:

  D:\paper-goat\src\firebase

[debug] [2025-07-16T08:13:15.173Z] ExitPromptError: User force closed the prompt with SIGINT
    at Interface.sigint (C:\Users\OEM\AppData\Roaming\npm\node_modules\firebase-tools\node_modules\@inquirer\core\dist\commonjs\lib\create-prompt.js:101:37)
    at Interface.emit (node:events:520:28)
    at Interface.emit (node:domain:488:12)
    at [_ttyWrite] [as _ttyWrite] (node:internal/readline/interface:1125:18)
    at ReadStream.onkeypress (node:internal/readline/interface:264:20)
    at ReadStream.emit (node:events:532:35)
    at ReadStream.emit (node:domain:488:12)
    at emitKeys (node:internal/readline/utils:371:14)
    at emitKeys.next (<anonymous>)
    at ReadStream.onData (node:internal/readline/emitKeypressEvents:64:36)
[error] 
[error] Error: An unexpected error has occurred.
